<?xml version="1.0" encoding="UTF-8"?>
<!-- Generated by org.testng.reporters.JUnitReportReporter -->
<testsuite hostname="nasrins-mbp.lan" failures="0" tests="1" name="com.bit.test.SmokeTest" time="0.002" errors="0" timestamp="2022-02-22T19:07:31 EST" skipped="0">
  <testcase classname="com.bit.test.SmokeTest" name="test1" time="0.002"/>
  <system-out/>
</testsuite> <!-- com.bit.test.SmokeTest -->
